2019-08-28 09:00:52,618 [Worker-10] INFO  o.e.m.c.i.p.ProjectConfigurationManager - Collecting project info '/pom.xml' D:\hcljava\Day22\InventoryPro\pom.xml
2019-08-28 09:01:01,102 [Worker-10] INFO  o.e.m.c.i.l.LifecycleMappingFactory - Using org.eclipse.m2e.jdt.JarLifecycleMapping lifecycle mapping for MavenProject: hcl:InventoryPro:0.0.1-SNAPSHOT @ D:\hcljava\Day22\InventoryPro\pom.xml.
2019-08-28 09:01:04,935 [Worker-10] INFO  o.e.m.j.i.AbstractJavaProjectConfigurator - Adding source folder /InventoryPro/src/main/java
2019-08-28 09:01:04,943 [Worker-10] INFO  o.e.m.j.i.AbstractJavaProjectConfigurator - Adding source folder /InventoryPro/src/test/java
2019-08-28 09:01:05,601 [Worker-10] INFO  o.e.m.c.i.p.ProjectConfigurationManager - Imported and configured 1 project(s) in 12 sec
2019-08-28 09:01:06,197 [Worker-16] INFO  o.e.m.c.i.embedder.EclipseLogger - Using 'UTF-8' encoding to copy filtered resources.
2019-08-28 09:01:06,198 [Worker-16] INFO  o.e.m.c.i.embedder.EclipseLogger - skip non existing resourceDirectory D:\hcljava\Day22\InventoryPro\src\main\resources
2019-08-28 09:01:06,200 [Worker-16] INFO  o.e.m.c.i.embedder.EclipseLogger - Using 'UTF-8' encoding to copy filtered resources.
2019-08-28 09:01:06,201 [Worker-16] INFO  o.e.m.c.i.embedder.EclipseLogger - skip non existing resourceDirectory D:\hcljava\Day22\InventoryPro\src\test\resources
2019-08-28 09:03:34,969 [Worker-20] INFO  o.e.m.c.i.embedder.EclipseLogger - Using 'UTF-8' encoding to copy filtered resources.
2019-08-28 09:03:34,970 [Worker-20] INFO  o.e.m.c.i.embedder.EclipseLogger - skip non existing resourceDirectory D:\hcljava\Day22\InventoryPro\src\main\resources
2019-08-28 09:03:34,972 [Worker-20] INFO  o.e.m.c.i.embedder.EclipseLogger - Using 'UTF-8' encoding to copy filtered resources.
2019-08-28 09:03:34,973 [Worker-20] INFO  o.e.m.c.i.embedder.EclipseLogger - skip non existing resourceDirectory D:\hcljava\Day22\InventoryPro\src\test\resources
2019-08-28 09:03:36,050 [Worker-19] INFO  o.e.m.c.i.embedder.EclipseLogger - Using 'UTF-8' encoding to copy filtered resources.
2019-08-28 09:03:36,051 [Worker-19] INFO  o.e.m.c.i.embedder.EclipseLogger - skip non existing resourceDirectory D:\hcljava\Day22\InventoryPro\src\main\resources
2019-08-28 09:03:36,053 [Worker-19] INFO  o.e.m.c.i.embedder.EclipseLogger - Using 'UTF-8' encoding to copy filtered resources.
2019-08-28 09:03:36,053 [Worker-19] INFO  o.e.m.c.i.embedder.EclipseLogger - skip non existing resourceDirectory D:\hcljava\Day22\InventoryPro\src\test\resources
2019-08-28 09:05:26,944 [Worker-14] INFO  o.e.m.c.i.l.LifecycleMappingFactory - Using org.eclipse.m2e.jdt.JarLifecycleMapping lifecycle mapping for MavenProject: hcl:InventoryPro:0.0.1-SNAPSHOT @ D:\hcljava\Day22\InventoryPro\pom.xml.
2019-08-28 09:05:27,513 [Worker-14] INFO  o.e.m.c.i.embedder.EclipseLogger - Using 'UTF-8' encoding to copy filtered resources.
2019-08-28 09:05:27,513 [Worker-14] INFO  o.e.m.c.i.embedder.EclipseLogger - skip non existing resourceDirectory D:\hcljava\Day22\InventoryPro\src\main\resources
2019-08-28 09:05:27,516 [Worker-14] INFO  o.e.m.c.i.embedder.EclipseLogger - Using 'UTF-8' encoding to copy filtered resources.
2019-08-28 09:05:27,516 [Worker-14] INFO  o.e.m.c.i.embedder.EclipseLogger - skip non existing resourceDirectory D:\hcljava\Day22\InventoryPro\src\test\resources
2019-08-28 09:05:29,343 [Worker-23] INFO  o.e.m.c.i.embedder.EclipseLogger - Using 'UTF-8' encoding to copy filtered resources.
2019-08-28 09:05:29,344 [Worker-23] INFO  o.e.m.c.i.embedder.EclipseLogger - skip non existing resourceDirectory D:\hcljava\Day22\InventoryPro\src\main\resources
2019-08-28 09:05:29,345 [Worker-23] INFO  o.e.m.c.i.embedder.EclipseLogger - Using 'UTF-8' encoding to copy filtered resources.
2019-08-28 09:05:29,345 [Worker-23] INFO  o.e.m.c.i.embedder.EclipseLogger - skip non existing resourceDirectory D:\hcljava\Day22\InventoryPro\src\test\resources
2019-08-28 09:07:04,767 [Worker-25] WARN  o.e.r.models.ModelRepository - Failed to download org.eclipse.recommenders:index::zip:0.0.0
org.eclipse.aether.resolution.ArtifactResolutionException: Could not find artifact org.eclipse.recommenders:index:zip:0.0.0-SNAPSHOT in models (http://download.eclipse.org/recommenders/models/mars/)
	at org.eclipse.aether.internal.impl.DefaultArtifactResolver.resolve(DefaultArtifactResolver.java:444) ~[na:na]
	at org.eclipse.aether.internal.impl.DefaultArtifactResolver.resolveArtifacts(DefaultArtifactResolver.java:246) ~[na:na]
	at org.eclipse.aether.internal.impl.DefaultArtifactResolver.resolveArtifact(DefaultArtifactResolver.java:223) ~[na:na]
	at org.eclipse.aether.internal.impl.DefaultRepositorySystem.resolveArtifact(DefaultRepositorySystem.java:294) ~[na:na]
	at org.eclipse.recommenders.models.ModelRepository.resolveInternal(ModelRepository.java:192) [org.eclipse.recommenders.models_2.3.0.v20160216-1255.jar:na]
	at org.eclipse.recommenders.models.ModelRepository.resolve(ModelRepository.java:174) [org.eclipse.recommenders.models_2.3.0.v20160216-1255.jar:na]
	at org.eclipse.recommenders.internal.models.rcp.EclipseModelRepository.resolve(EclipseModelRepository.java:165) [org.eclipse.recommenders.models.rcp_2.3.0.v20160216-1255.jar:na]
	at org.eclipse.recommenders.internal.models.rcp.DownloadModelArchiveJob.run(DownloadModelArchiveJob.java:76) [org.eclipse.recommenders.models.rcp_2.3.0.v20160216-1255.jar:na]
	at org.eclipse.core.internal.jobs.Worker.run(Worker.java:55) [org.eclipse.core.jobs_3.7.0.v20150330-2103.jar:na]
Caused by: org.eclipse.aether.transfer.ArtifactNotFoundException: Could not find artifact org.eclipse.recommenders:index:zip:0.0.0-SNAPSHOT in models (http://download.eclipse.org/recommenders/models/mars/)
	at org.eclipse.aether.connector.basic.ArtifactTransportListener.transferFailed(ArtifactTransportListener.java:39) ~[org.eclipse.aether.connector.basic_1.0.1.v20141111.jar:na]
	at org.eclipse.aether.connector.basic.BasicRepositoryConnector$TaskRunner.run(BasicRepositoryConnector.java:355) ~[org.eclipse.aether.connector.basic_1.0.1.v20141111.jar:na]
	at org.eclipse.aether.util.concurrency.RunnableErrorForwarder$1.run(RunnableErrorForwarder.java:67) ~[na:na]
	at org.eclipse.aether.connector.basic.BasicRepositoryConnector$DirectExecutor.execute(BasicRepositoryConnector.java:581) ~[org.eclipse.aether.connector.basic_1.0.1.v20141111.jar:na]
	at org.eclipse.aether.connector.basic.BasicRepositoryConnector.get(BasicRepositoryConnector.java:249) ~[org.eclipse.aether.connector.basic_1.0.1.v20141111.jar:na]
	at org.eclipse.aether.internal.impl.DefaultArtifactResolver.performDownloads(DefaultArtifactResolver.java:520) ~[na:na]
	at org.eclipse.aether.internal.impl.DefaultArtifactResolver.resolve(DefaultArtifactResolver.java:421) ~[na:na]
	... 8 common frames omitted
2019-08-28 09:08:27,626 [Worker-19] INFO  o.e.m.c.i.embedder.EclipseLogger - Using 'UTF-8' encoding to copy filtered resources.
2019-08-28 09:08:27,626 [Worker-19] INFO  o.e.m.c.i.embedder.EclipseLogger - skip non existing resourceDirectory D:\hcljava\Day22\InventoryPro\src\main\resources
2019-08-28 09:08:27,628 [Worker-19] INFO  o.e.m.c.i.embedder.EclipseLogger - Using 'UTF-8' encoding to copy filtered resources.
2019-08-28 09:08:27,628 [Worker-19] INFO  o.e.m.c.i.embedder.EclipseLogger - skip non existing resourceDirectory D:\hcljava\Day22\InventoryPro\src\test\resources
2019-08-28 09:11:09,011 [Worker-27] INFO  o.e.m.c.i.embedder.EclipseLogger - Using 'UTF-8' encoding to copy filtered resources.
2019-08-28 09:11:09,012 [Worker-27] INFO  o.e.m.c.i.embedder.EclipseLogger - skip non existing resourceDirectory D:\hcljava\Day22\InventoryPro\src\main\resources
2019-08-28 09:11:09,013 [Worker-27] INFO  o.e.m.c.i.embedder.EclipseLogger - Using 'UTF-8' encoding to copy filtered resources.
2019-08-28 09:11:09,013 [Worker-27] INFO  o.e.m.c.i.embedder.EclipseLogger - skip non existing resourceDirectory D:\hcljava\Day22\InventoryPro\src\test\resources
2019-08-28 09:11:22,845 [Worker-28] INFO  o.e.m.c.i.embedder.EclipseLogger - Using 'UTF-8' encoding to copy filtered resources.
2019-08-28 09:11:22,845 [Worker-28] INFO  o.e.m.c.i.embedder.EclipseLogger - skip non existing resourceDirectory D:\hcljava\Day22\InventoryPro\src\main\resources
2019-08-28 09:11:22,847 [Worker-28] INFO  o.e.m.c.i.embedder.EclipseLogger - Using 'UTF-8' encoding to copy filtered resources.
2019-08-28 09:11:22,847 [Worker-28] INFO  o.e.m.c.i.embedder.EclipseLogger - skip non existing resourceDirectory D:\hcljava\Day22\InventoryPro\src\test\resources
2019-08-28 09:12:42,912 [Worker-31] INFO  o.e.m.c.i.embedder.EclipseLogger - Using 'UTF-8' encoding to copy filtered resources.
2019-08-28 09:12:42,912 [Worker-31] INFO  o.e.m.c.i.embedder.EclipseLogger - skip non existing resourceDirectory D:\hcljava\Day22\InventoryPro\src\main\resources
2019-08-28 09:12:42,913 [Worker-31] INFO  o.e.m.c.i.embedder.EclipseLogger - Using 'UTF-8' encoding to copy filtered resources.
2019-08-28 09:12:42,913 [Worker-31] INFO  o.e.m.c.i.embedder.EclipseLogger - skip non existing resourceDirectory D:\hcljava\Day22\InventoryPro\src\test\resources
2019-08-28 09:14:32,302 [Worker-27] INFO  o.e.m.c.i.embedder.EclipseLogger - Using 'UTF-8' encoding to copy filtered resources.
2019-08-28 09:14:32,302 [Worker-27] INFO  o.e.m.c.i.embedder.EclipseLogger - skip non existing resourceDirectory D:\hcljava\Day22\InventoryPro\src\main\resources
2019-08-28 09:14:32,305 [Worker-27] INFO  o.e.m.c.i.embedder.EclipseLogger - Using 'UTF-8' encoding to copy filtered resources.
2019-08-28 09:14:32,305 [Worker-27] INFO  o.e.m.c.i.embedder.EclipseLogger - skip non existing resourceDirectory D:\hcljava\Day22\InventoryPro\src\test\resources
2019-08-28 09:16:10,425 [Worker-29] INFO  o.e.m.c.i.embedder.EclipseLogger - Using 'UTF-8' encoding to copy filtered resources.
2019-08-28 09:16:10,426 [Worker-29] INFO  o.e.m.c.i.embedder.EclipseLogger - skip non existing resourceDirectory D:\hcljava\Day22\InventoryPro\src\main\resources
2019-08-28 09:16:10,431 [Worker-29] INFO  o.e.m.c.i.embedder.EclipseLogger - Using 'UTF-8' encoding to copy filtered resources.
2019-08-28 09:16:10,431 [Worker-29] INFO  o.e.m.c.i.embedder.EclipseLogger - skip non existing resourceDirectory D:\hcljava\Day22\InventoryPro\src\test\resources
2019-08-28 09:20:31,923 [Worker-34] INFO  o.e.m.c.i.embedder.EclipseLogger - Using 'UTF-8' encoding to copy filtered resources.
2019-08-28 09:20:31,924 [Worker-34] INFO  o.e.m.c.i.embedder.EclipseLogger - skip non existing resourceDirectory D:\hcljava\Day22\InventoryPro\src\main\resources
2019-08-28 09:20:31,926 [Worker-34] INFO  o.e.m.c.i.embedder.EclipseLogger - Using 'UTF-8' encoding to copy filtered resources.
2019-08-28 09:20:31,926 [Worker-34] INFO  o.e.m.c.i.embedder.EclipseLogger - skip non existing resourceDirectory D:\hcljava\Day22\InventoryPro\src\test\resources
2019-08-28 09:24:06,508 [Worker-19] INFO  o.e.m.c.i.embedder.EclipseLogger - Using 'UTF-8' encoding to copy filtered resources.
2019-08-28 09:24:06,509 [Worker-19] INFO  o.e.m.c.i.embedder.EclipseLogger - skip non existing resourceDirectory D:\hcljava\Day22\InventoryPro\src\main\resources
2019-08-28 09:24:06,512 [Worker-19] INFO  o.e.m.c.i.embedder.EclipseLogger - Using 'UTF-8' encoding to copy filtered resources.
2019-08-28 09:24:06,513 [Worker-19] INFO  o.e.m.c.i.embedder.EclipseLogger - skip non existing resourceDirectory D:\hcljava\Day22\InventoryPro\src\test\resources
2019-08-28 09:26:19,416 [Worker-38] INFO  o.e.m.c.i.embedder.EclipseLogger - Using 'UTF-8' encoding to copy filtered resources.
2019-08-28 09:26:19,416 [Worker-38] INFO  o.e.m.c.i.embedder.EclipseLogger - skip non existing resourceDirectory D:\hcljava\Day22\InventoryPro\src\main\resources
2019-08-28 09:26:19,418 [Worker-38] INFO  o.e.m.c.i.embedder.EclipseLogger - Using 'UTF-8' encoding to copy filtered resources.
2019-08-28 09:26:19,418 [Worker-38] INFO  o.e.m.c.i.embedder.EclipseLogger - skip non existing resourceDirectory D:\hcljava\Day22\InventoryPro\src\test\resources
2019-08-28 09:33:06,984 [Worker-36] INFO  o.e.m.c.i.embedder.EclipseLogger - Using 'UTF-8' encoding to copy filtered resources.
2019-08-28 09:33:06,984 [Worker-36] INFO  o.e.m.c.i.embedder.EclipseLogger - skip non existing resourceDirectory D:\hcljava\Day22\InventoryPro\src\main\resources
2019-08-28 09:33:06,986 [Worker-36] INFO  o.e.m.c.i.embedder.EclipseLogger - Using 'UTF-8' encoding to copy filtered resources.
2019-08-28 09:33:06,987 [Worker-36] INFO  o.e.m.c.i.embedder.EclipseLogger - skip non existing resourceDirectory D:\hcljava\Day22\InventoryPro\src\test\resources
2019-08-28 09:35:40,857 [Worker-36] INFO  o.e.m.c.i.embedder.EclipseLogger - Using 'UTF-8' encoding to copy filtered resources.
2019-08-28 09:35:40,857 [Worker-36] INFO  o.e.m.c.i.embedder.EclipseLogger - skip non existing resourceDirectory D:\hcljava\Day22\InventoryPro\src\main\resources
2019-08-28 09:35:40,861 [Worker-36] INFO  o.e.m.c.i.embedder.EclipseLogger - Using 'UTF-8' encoding to copy filtered resources.
2019-08-28 09:35:40,861 [Worker-36] INFO  o.e.m.c.i.embedder.EclipseLogger - skip non existing resourceDirectory D:\hcljava\Day22\InventoryPro\src\test\resources
2019-08-28 09:37:24,516 [Worker-37] INFO  o.e.m.c.i.embedder.EclipseLogger - Using 'UTF-8' encoding to copy filtered resources.
2019-08-28 09:37:24,517 [Worker-37] INFO  o.e.m.c.i.embedder.EclipseLogger - skip non existing resourceDirectory D:\hcljava\Day22\InventoryPro\src\main\resources
2019-08-28 09:37:24,519 [Worker-37] INFO  o.e.m.c.i.embedder.EclipseLogger - Using 'UTF-8' encoding to copy filtered resources.
2019-08-28 09:37:24,520 [Worker-37] INFO  o.e.m.c.i.embedder.EclipseLogger - skip non existing resourceDirectory D:\hcljava\Day22\InventoryPro\src\test\resources
2019-08-28 09:41:06,590 [Worker-42] INFO  o.e.m.c.i.embedder.EclipseLogger - Using 'UTF-8' encoding to copy filtered resources.
2019-08-28 09:41:06,590 [Worker-42] INFO  o.e.m.c.i.embedder.EclipseLogger - skip non existing resourceDirectory D:\hcljava\Day22\InventoryPro\src\main\resources
2019-08-28 09:41:06,591 [Worker-42] INFO  o.e.m.c.i.embedder.EclipseLogger - Using 'UTF-8' encoding to copy filtered resources.
2019-08-28 09:41:06,592 [Worker-42] INFO  o.e.m.c.i.embedder.EclipseLogger - skip non existing resourceDirectory D:\hcljava\Day22\InventoryPro\src\test\resources
2019-08-28 09:42:06,287 [Worker-41] INFO  o.e.m.c.i.embedder.EclipseLogger - Using 'UTF-8' encoding to copy filtered resources.
2019-08-28 09:42:06,287 [Worker-41] INFO  o.e.m.c.i.embedder.EclipseLogger - skip non existing resourceDirectory D:\hcljava\Day22\InventoryPro\src\main\resources
2019-08-28 09:42:06,291 [Worker-41] INFO  o.e.m.c.i.embedder.EclipseLogger - Using 'UTF-8' encoding to copy filtered resources.
2019-08-28 09:42:06,291 [Worker-41] INFO  o.e.m.c.i.embedder.EclipseLogger - skip non existing resourceDirectory D:\hcljava\Day22\InventoryPro\src\test\resources
2019-08-28 09:42:27,307 [Worker-41] INFO  o.e.m.c.i.embedder.EclipseLogger - Using 'UTF-8' encoding to copy filtered resources.
2019-08-28 09:42:27,307 [Worker-41] INFO  o.e.m.c.i.embedder.EclipseLogger - skip non existing resourceDirectory D:\hcljava\Day22\InventoryPro\src\main\resources
2019-08-28 09:42:27,308 [Worker-41] INFO  o.e.m.c.i.embedder.EclipseLogger - Using 'UTF-8' encoding to copy filtered resources.
2019-08-28 09:42:27,309 [Worker-41] INFO  o.e.m.c.i.embedder.EclipseLogger - skip non existing resourceDirectory D:\hcljava\Day22\InventoryPro\src\test\resources
2019-08-28 10:09:33,943 [Worker-51] INFO  o.e.m.c.i.embedder.EclipseLogger - Using 'UTF-8' encoding to copy filtered resources.
2019-08-28 10:09:33,944 [Worker-51] INFO  o.e.m.c.i.embedder.EclipseLogger - skip non existing resourceDirectory D:\hcljava\Day22\InventoryPro\src\main\resources
2019-08-28 10:09:33,949 [Worker-51] INFO  o.e.m.c.i.embedder.EclipseLogger - Using 'UTF-8' encoding to copy filtered resources.
2019-08-28 10:09:33,949 [Worker-51] INFO  o.e.m.c.i.embedder.EclipseLogger - skip non existing resourceDirectory D:\hcljava\Day22\InventoryPro\src\test\resources
2019-08-28 10:10:31,575 [Worker-52] INFO  o.e.m.c.i.p.ProjectConfigurationManager - Collecting project info '/pom.xml' D:\hcljava\Day22\EmployInsert\pom.xml
2019-08-28 10:10:31,776 [Worker-52] INFO  o.e.m.c.i.l.LifecycleMappingFactory - Using org.eclipse.m2e.jdt.JarLifecycleMapping lifecycle mapping for MavenProject: hcl:EmployInsert:0.0.1-SNAPSHOT @ D:\hcljava\Day22\EmployInsert\pom.xml.
2019-08-28 10:10:31,922 [Worker-52] INFO  o.e.m.j.i.AbstractJavaProjectConfigurator - Adding source folder /EmployInsert/src/main/java
2019-08-28 10:10:31,927 [Worker-52] INFO  o.e.m.j.i.AbstractJavaProjectConfigurator - Adding source folder /EmployInsert/src/test/java
2019-08-28 10:10:32,010 [Worker-52] INFO  o.e.m.c.i.p.ProjectConfigurationManager - Imported and configured 1 project(s) in 0 sec
2019-08-28 10:10:32,417 [Worker-58] INFO  o.e.m.c.i.embedder.EclipseLogger - Using 'UTF-8' encoding to copy filtered resources.
2019-08-28 10:10:32,417 [Worker-58] INFO  o.e.m.c.i.embedder.EclipseLogger - skip non existing resourceDirectory D:\hcljava\Day22\EmployInsert\src\main\resources
2019-08-28 10:10:32,418 [Worker-58] INFO  o.e.m.c.i.embedder.EclipseLogger - Using 'UTF-8' encoding to copy filtered resources.
2019-08-28 10:10:32,418 [Worker-58] INFO  o.e.m.c.i.embedder.EclipseLogger - skip non existing resourceDirectory D:\hcljava\Day22\EmployInsert\src\test\resources
2019-08-28 10:12:52,397 [Worker-52] INFO  o.e.m.c.i.l.LifecycleMappingFactory - Using org.eclipse.m2e.jdt.JarLifecycleMapping lifecycle mapping for MavenProject: hcl:EmployInsert:0.0.1-SNAPSHOT @ D:\hcljava\Day22\EmployInsert\pom.xml.
2019-08-28 10:12:53,329 [Worker-52] INFO  o.e.m.c.i.e.AbstractTransferListenerAdapter - Downloading https://repo.maven.apache.org/maven2/mysql/mysql-connector-java/5.1.5/mysql-connector-java-5.1.5.pom
2019-08-28 10:12:53,505 [Worker-52] INFO  o.e.m.c.i.e.AbstractTransferListenerAdapter - Downloaded https://repo.maven.apache.org/maven2/mysql/mysql-connector-java/5.1.5/mysql-connector-java-5.1.5.pom
2019-08-28 10:12:53,684 [Worker-52] INFO  o.e.m.c.i.e.AbstractTransferListenerAdapter - Downloading https://repo.maven.apache.org/maven2/mysql/mysql-connector-java/5.1.5/mysql-connector-java-5.1.5.jar
2019-08-28 10:12:55,821 [Worker-52] INFO  o.e.m.c.i.e.AbstractTransferListenerAdapter - Downloaded https://repo.maven.apache.org/maven2/mysql/mysql-connector-java/5.1.5/mysql-connector-java-5.1.5.jar
2019-08-28 10:12:56,133 [Worker-52] INFO  o.e.m.c.i.embedder.EclipseLogger - Using 'UTF-8' encoding to copy filtered resources.
2019-08-28 10:12:56,133 [Worker-52] INFO  o.e.m.c.i.embedder.EclipseLogger - skip non existing resourceDirectory D:\hcljava\Day22\EmployInsert\src\main\resources
2019-08-28 10:12:56,134 [Worker-52] INFO  o.e.m.c.i.embedder.EclipseLogger - Using 'UTF-8' encoding to copy filtered resources.
2019-08-28 10:12:56,134 [Worker-52] INFO  o.e.m.c.i.embedder.EclipseLogger - skip non existing resourceDirectory D:\hcljava\Day22\EmployInsert\src\test\resources
2019-08-28 10:12:57,316 [Worker-54] INFO  o.e.m.c.i.embedder.EclipseLogger - Using 'UTF-8' encoding to copy filtered resources.
2019-08-28 10:12:57,316 [Worker-54] INFO  o.e.m.c.i.embedder.EclipseLogger - skip non existing resourceDirectory D:\hcljava\Day22\EmployInsert\src\main\resources
2019-08-28 10:12:57,318 [Worker-54] INFO  o.e.m.c.i.embedder.EclipseLogger - Using 'UTF-8' encoding to copy filtered resources.
2019-08-28 10:12:57,318 [Worker-54] INFO  o.e.m.c.i.embedder.EclipseLogger - skip non existing resourceDirectory D:\hcljava\Day22\EmployInsert\src\test\resources
2019-08-28 10:15:16,207 [Worker-52] INFO  o.e.m.c.i.embedder.EclipseLogger - Using 'UTF-8' encoding to copy filtered resources.
2019-08-28 10:15:16,208 [Worker-52] INFO  o.e.m.c.i.embedder.EclipseLogger - skip non existing resourceDirectory D:\hcljava\Day22\EmployInsert\src\main\resources
2019-08-28 10:15:16,211 [Worker-52] INFO  o.e.m.c.i.embedder.EclipseLogger - Using 'UTF-8' encoding to copy filtered resources.
2019-08-28 10:15:16,211 [Worker-52] INFO  o.e.m.c.i.embedder.EclipseLogger - skip non existing resourceDirectory D:\hcljava\Day22\EmployInsert\src\test\resources
2019-08-28 10:15:30,518 [Worker-52] INFO  o.e.m.c.i.embedder.EclipseLogger - Using 'UTF-8' encoding to copy filtered resources.
2019-08-28 10:15:30,519 [Worker-52] INFO  o.e.m.c.i.embedder.EclipseLogger - skip non existing resourceDirectory D:\hcljava\Day22\EmployInsert\src\main\resources
2019-08-28 10:15:30,521 [Worker-52] INFO  o.e.m.c.i.embedder.EclipseLogger - Using 'UTF-8' encoding to copy filtered resources.
2019-08-28 10:15:30,521 [Worker-52] INFO  o.e.m.c.i.embedder.EclipseLogger - skip non existing resourceDirectory D:\hcljava\Day22\EmployInsert\src\test\resources
2019-08-28 10:21:47,676 [Worker-52] INFO  o.e.m.c.i.embedder.EclipseLogger - Using 'UTF-8' encoding to copy filtered resources.
2019-08-28 10:21:47,676 [Worker-52] INFO  o.e.m.c.i.embedder.EclipseLogger - skip non existing resourceDirectory D:\hcljava\Day22\EmployInsert\src\main\resources
2019-08-28 10:21:47,678 [Worker-52] INFO  o.e.m.c.i.embedder.EclipseLogger - Using 'UTF-8' encoding to copy filtered resources.
2019-08-28 10:21:47,679 [Worker-52] INFO  o.e.m.c.i.embedder.EclipseLogger - skip non existing resourceDirectory D:\hcljava\Day22\EmployInsert\src\test\resources
2019-08-28 10:24:05,520 [Worker-69] INFO  o.e.m.c.i.embedder.EclipseLogger - Using 'UTF-8' encoding to copy filtered resources.
2019-08-28 10:24:05,520 [Worker-69] INFO  o.e.m.c.i.embedder.EclipseLogger - skip non existing resourceDirectory D:\hcljava\Day22\EmployInsert\src\main\resources
2019-08-28 10:24:05,524 [Worker-69] INFO  o.e.m.c.i.embedder.EclipseLogger - Using 'UTF-8' encoding to copy filtered resources.
2019-08-28 10:24:05,524 [Worker-69] INFO  o.e.m.c.i.embedder.EclipseLogger - skip non existing resourceDirectory D:\hcljava\Day22\EmployInsert\src\test\resources
2019-08-28 10:26:27,638 [Worker-68] INFO  o.e.m.c.i.embedder.EclipseLogger - Using 'UTF-8' encoding to copy filtered resources.
2019-08-28 10:26:27,639 [Worker-68] INFO  o.e.m.c.i.embedder.EclipseLogger - skip non existing resourceDirectory D:\hcljava\Day22\EmployInsert\src\main\resources
2019-08-28 10:26:27,641 [Worker-68] INFO  o.e.m.c.i.embedder.EclipseLogger - Using 'UTF-8' encoding to copy filtered resources.
2019-08-28 10:26:27,641 [Worker-68] INFO  o.e.m.c.i.embedder.EclipseLogger - skip non existing resourceDirectory D:\hcljava\Day22\EmployInsert\src\test\resources
2019-08-28 10:28:38,697 [Worker-71] INFO  o.e.m.c.i.embedder.EclipseLogger - Using 'UTF-8' encoding to copy filtered resources.
2019-08-28 10:28:38,698 [Worker-71] INFO  o.e.m.c.i.embedder.EclipseLogger - skip non existing resourceDirectory D:\hcljava\Day22\EmployInsert\src\main\resources
2019-08-28 10:28:38,699 [Worker-71] INFO  o.e.m.c.i.embedder.EclipseLogger - Using 'UTF-8' encoding to copy filtered resources.
2019-08-28 10:28:38,699 [Worker-71] INFO  o.e.m.c.i.embedder.EclipseLogger - skip non existing resourceDirectory D:\hcljava\Day22\EmployInsert\src\test\resources
2019-08-28 10:28:52,188 [Worker-67] INFO  o.e.m.c.i.embedder.EclipseLogger - Using 'UTF-8' encoding to copy filtered resources.
2019-08-28 10:28:52,188 [Worker-67] INFO  o.e.m.c.i.embedder.EclipseLogger - skip non existing resourceDirectory D:\hcljava\Day22\EmployInsert\src\main\resources
2019-08-28 10:28:52,190 [Worker-67] INFO  o.e.m.c.i.embedder.EclipseLogger - Using 'UTF-8' encoding to copy filtered resources.
2019-08-28 10:28:52,191 [Worker-67] INFO  o.e.m.c.i.embedder.EclipseLogger - skip non existing resourceDirectory D:\hcljava\Day22\EmployInsert\src\test\resources
2019-08-28 11:07:19,136 [Worker-80] INFO  o.e.m.c.i.embedder.EclipseLogger - Using 'UTF-8' encoding to copy filtered resources.
2019-08-28 11:07:19,138 [Worker-80] INFO  o.e.m.c.i.embedder.EclipseLogger - skip non existing resourceDirectory D:\hcljava\Day22\EmployInsert\src\main\resources
2019-08-28 11:07:19,141 [Worker-80] INFO  o.e.m.c.i.embedder.EclipseLogger - Using 'UTF-8' encoding to copy filtered resources.
2019-08-28 11:07:19,143 [Worker-80] INFO  o.e.m.c.i.embedder.EclipseLogger - skip non existing resourceDirectory D:\hcljava\Day22\EmployInsert\src\test\resources
2019-08-28 11:08:47,765 [Worker-78] INFO  o.e.m.c.i.embedder.EclipseLogger - Using 'UTF-8' encoding to copy filtered resources.
2019-08-28 11:08:47,765 [Worker-78] INFO  o.e.m.c.i.embedder.EclipseLogger - skip non existing resourceDirectory D:\hcljava\Day22\EmployInsert\src\main\resources
2019-08-28 11:08:47,767 [Worker-78] INFO  o.e.m.c.i.embedder.EclipseLogger - Using 'UTF-8' encoding to copy filtered resources.
2019-08-28 11:08:47,767 [Worker-78] INFO  o.e.m.c.i.embedder.EclipseLogger - skip non existing resourceDirectory D:\hcljava\Day22\EmployInsert\src\test\resources
2019-08-28 11:11:58,682 [Worker-85] INFO  o.e.m.c.i.embedder.EclipseLogger - Using 'UTF-8' encoding to copy filtered resources.
2019-08-28 11:11:58,683 [Worker-85] INFO  o.e.m.c.i.embedder.EclipseLogger - skip non existing resourceDirectory D:\hcljava\Day22\EmployInsert\src\main\resources
2019-08-28 11:11:58,685 [Worker-85] INFO  o.e.m.c.i.embedder.EclipseLogger - Using 'UTF-8' encoding to copy filtered resources.
2019-08-28 11:11:58,685 [Worker-85] INFO  o.e.m.c.i.embedder.EclipseLogger - skip non existing resourceDirectory D:\hcljava\Day22\EmployInsert\src\test\resources
2019-08-28 11:12:30,784 [Worker-81] INFO  o.e.m.c.i.embedder.EclipseLogger - Using 'UTF-8' encoding to copy filtered resources.
2019-08-28 11:12:30,784 [Worker-81] INFO  o.e.m.c.i.embedder.EclipseLogger - skip non existing resourceDirectory D:\hcljava\Day22\EmployInsert\src\main\resources
2019-08-28 11:12:30,785 [Worker-81] INFO  o.e.m.c.i.embedder.EclipseLogger - Using 'UTF-8' encoding to copy filtered resources.
2019-08-28 11:12:30,786 [Worker-81] INFO  o.e.m.c.i.embedder.EclipseLogger - skip non existing resourceDirectory D:\hcljava\Day22\EmployInsert\src\test\resources
2019-08-28 11:20:27,670 [Worker-86] INFO  o.e.m.c.i.p.ProjectConfigurationManager - Collecting project info '/pom.xml' D:\hcljava\Day22\DeptInsert\pom.xml
2019-08-28 11:20:27,844 [Worker-86] INFO  o.e.m.c.i.l.LifecycleMappingFactory - Using org.eclipse.m2e.jdt.JarLifecycleMapping lifecycle mapping for MavenProject: hcl:DeptInsert:0.0.1-SNAPSHOT @ D:\hcljava\Day22\DeptInsert\pom.xml.
2019-08-28 11:20:27,970 [Worker-86] INFO  o.e.m.j.i.AbstractJavaProjectConfigurator - Adding source folder /DeptInsert/src/main/java
2019-08-28 11:20:27,974 [Worker-86] INFO  o.e.m.j.i.AbstractJavaProjectConfigurator - Adding source folder /DeptInsert/src/test/java
2019-08-28 11:20:28,029 [Worker-86] INFO  o.e.m.c.i.p.ProjectConfigurationManager - Imported and configured 1 project(s) in 0 sec
2019-08-28 11:20:28,291 [Worker-86] INFO  o.e.m.c.i.embedder.EclipseLogger - Using 'UTF-8' encoding to copy filtered resources.
2019-08-28 11:20:28,291 [Worker-86] INFO  o.e.m.c.i.embedder.EclipseLogger - skip non existing resourceDirectory D:\hcljava\Day22\DeptInsert\src\main\resources
2019-08-28 11:20:28,292 [Worker-86] INFO  o.e.m.c.i.embedder.EclipseLogger - Using 'UTF-8' encoding to copy filtered resources.
2019-08-28 11:20:28,292 [Worker-86] INFO  o.e.m.c.i.embedder.EclipseLogger - skip non existing resourceDirectory D:\hcljava\Day22\DeptInsert\src\test\resources
2019-08-28 11:20:57,021 [Worker-94] INFO  o.e.m.c.i.l.LifecycleMappingFactory - Using org.eclipse.m2e.jdt.JarLifecycleMapping lifecycle mapping for MavenProject: hcl:DeptInsert:0.0.1-SNAPSHOT @ D:\hcljava\Day22\DeptInsert\pom.xml.
2019-08-28 11:20:57,178 [Worker-94] INFO  o.e.m.c.i.embedder.EclipseLogger - Using 'UTF-8' encoding to copy filtered resources.
2019-08-28 11:20:57,179 [Worker-94] INFO  o.e.m.c.i.embedder.EclipseLogger - skip non existing resourceDirectory D:\hcljava\Day22\DeptInsert\src\main\resources
2019-08-28 11:20:57,179 [Worker-94] INFO  o.e.m.c.i.embedder.EclipseLogger - Using 'UTF-8' encoding to copy filtered resources.
2019-08-28 11:20:57,179 [Worker-94] INFO  o.e.m.c.i.embedder.EclipseLogger - skip non existing resourceDirectory D:\hcljava\Day22\DeptInsert\src\test\resources
2019-08-28 11:20:58,328 [Worker-91] INFO  o.e.m.c.i.embedder.EclipseLogger - Using 'UTF-8' encoding to copy filtered resources.
2019-08-28 11:20:58,328 [Worker-91] INFO  o.e.m.c.i.embedder.EclipseLogger - skip non existing resourceDirectory D:\hcljava\Day22\DeptInsert\src\main\resources
2019-08-28 11:20:58,329 [Worker-91] INFO  o.e.m.c.i.embedder.EclipseLogger - Using 'UTF-8' encoding to copy filtered resources.
2019-08-28 11:20:58,329 [Worker-91] INFO  o.e.m.c.i.embedder.EclipseLogger - skip non existing resourceDirectory D:\hcljava\Day22\DeptInsert\src\test\resources
2019-08-28 11:21:35,082 [Worker-86] INFO  o.e.m.c.i.embedder.EclipseLogger - Using 'UTF-8' encoding to copy filtered resources.
2019-08-28 11:21:35,082 [Worker-86] INFO  o.e.m.c.i.embedder.EclipseLogger - skip non existing resourceDirectory D:\hcljava\Day22\DeptInsert\src\main\resources
2019-08-28 11:21:35,090 [Worker-86] INFO  o.e.m.c.i.embedder.EclipseLogger - Using 'UTF-8' encoding to copy filtered resources.
2019-08-28 11:21:35,091 [Worker-86] INFO  o.e.m.c.i.embedder.EclipseLogger - skip non existing resourceDirectory D:\hcljava\Day22\DeptInsert\src\test\resources
2019-08-28 11:22:09,366 [Worker-93] INFO  o.e.m.c.i.embedder.EclipseLogger - Using 'UTF-8' encoding to copy filtered resources.
2019-08-28 11:22:09,366 [Worker-93] INFO  o.e.m.c.i.embedder.EclipseLogger - skip non existing resourceDirectory D:\hcljava\Day22\DeptInsert\src\main\resources
2019-08-28 11:22:09,367 [Worker-93] INFO  o.e.m.c.i.embedder.EclipseLogger - Using 'UTF-8' encoding to copy filtered resources.
2019-08-28 11:22:09,368 [Worker-93] INFO  o.e.m.c.i.embedder.EclipseLogger - skip non existing resourceDirectory D:\hcljava\Day22\DeptInsert\src\test\resources
2019-08-28 11:27:24,798 [Worker-94] INFO  o.e.m.c.i.embedder.EclipseLogger - Using 'UTF-8' encoding to copy filtered resources.
2019-08-28 11:27:24,798 [Worker-94] INFO  o.e.m.c.i.embedder.EclipseLogger - skip non existing resourceDirectory D:\hcljava\Day22\DeptInsert\src\main\resources
2019-08-28 11:27:24,799 [Worker-94] INFO  o.e.m.c.i.embedder.EclipseLogger - Using 'UTF-8' encoding to copy filtered resources.
2019-08-28 11:27:24,800 [Worker-94] INFO  o.e.m.c.i.embedder.EclipseLogger - skip non existing resourceDirectory D:\hcljava\Day22\DeptInsert\src\test\resources
2019-08-28 11:27:36,866 [Worker-86] INFO  o.e.m.c.i.embedder.EclipseLogger - Using 'UTF-8' encoding to copy filtered resources.
2019-08-28 11:27:36,866 [Worker-86] INFO  o.e.m.c.i.embedder.EclipseLogger - skip non existing resourceDirectory D:\hcljava\Day22\DeptInsert\src\main\resources
2019-08-28 11:27:36,867 [Worker-86] INFO  o.e.m.c.i.embedder.EclipseLogger - Using 'UTF-8' encoding to copy filtered resources.
2019-08-28 11:27:36,867 [Worker-86] INFO  o.e.m.c.i.embedder.EclipseLogger - skip non existing resourceDirectory D:\hcljava\Day22\DeptInsert\src\test\resources
2019-08-28 11:27:45,707 [Worker-90] INFO  o.e.m.c.i.embedder.EclipseLogger - Using 'UTF-8' encoding to copy filtered resources.
2019-08-28 11:27:45,708 [Worker-90] INFO  o.e.m.c.i.embedder.EclipseLogger - skip non existing resourceDirectory D:\hcljava\Day22\DeptInsert\src\main\resources
2019-08-28 11:27:45,710 [Worker-90] INFO  o.e.m.c.i.embedder.EclipseLogger - Using 'UTF-8' encoding to copy filtered resources.
2019-08-28 11:27:45,711 [Worker-90] INFO  o.e.m.c.i.embedder.EclipseLogger - skip non existing resourceDirectory D:\hcljava\Day22\DeptInsert\src\test\resources
2019-08-28 11:29:36,059 [Worker-92] INFO  o.e.m.c.i.embedder.EclipseLogger - Using 'UTF-8' encoding to copy filtered resources.
2019-08-28 11:29:36,060 [Worker-92] INFO  o.e.m.c.i.embedder.EclipseLogger - skip non existing resourceDirectory D:\hcljava\Day22\DeptInsert\src\main\resources
2019-08-28 11:29:36,061 [Worker-92] INFO  o.e.m.c.i.embedder.EclipseLogger - Using 'UTF-8' encoding to copy filtered resources.
2019-08-28 11:29:36,061 [Worker-92] INFO  o.e.m.c.i.embedder.EclipseLogger - skip non existing resourceDirectory D:\hcljava\Day22\DeptInsert\src\test\resources
2019-08-28 11:30:15,938 [Worker-91] INFO  o.e.m.c.i.embedder.EclipseLogger - Using 'UTF-8' encoding to copy filtered resources.
2019-08-28 11:30:15,938 [Worker-91] INFO  o.e.m.c.i.embedder.EclipseLogger - skip non existing resourceDirectory D:\hcljava\Day22\DeptInsert\src\main\resources
2019-08-28 11:30:15,939 [Worker-91] INFO  o.e.m.c.i.embedder.EclipseLogger - Using 'UTF-8' encoding to copy filtered resources.
2019-08-28 11:30:15,940 [Worker-91] INFO  o.e.m.c.i.embedder.EclipseLogger - skip non existing resourceDirectory D:\hcljava\Day22\DeptInsert\src\test\resources
2019-08-28 11:30:41,038 [Worker-86] INFO  o.e.m.c.i.embedder.EclipseLogger - Using 'UTF-8' encoding to copy filtered resources.
2019-08-28 11:30:41,038 [Worker-86] INFO  o.e.m.c.i.embedder.EclipseLogger - skip non existing resourceDirectory D:\hcljava\Day22\DeptInsert\src\main\resources
2019-08-28 11:30:41,040 [Worker-86] INFO  o.e.m.c.i.embedder.EclipseLogger - Using 'UTF-8' encoding to copy filtered resources.
2019-08-28 11:30:41,040 [Worker-86] INFO  o.e.m.c.i.embedder.EclipseLogger - skip non existing resourceDirectory D:\hcljava\Day22\DeptInsert\src\test\resources
2019-08-28 11:30:47,408 [Worker-95] INFO  o.e.m.c.i.embedder.EclipseLogger - Using 'UTF-8' encoding to copy filtered resources.
2019-08-28 11:30:47,408 [Worker-95] INFO  o.e.m.c.i.embedder.EclipseLogger - skip non existing resourceDirectory D:\hcljava\Day22\DeptInsert\src\main\resources
2019-08-28 11:30:47,411 [Worker-95] INFO  o.e.m.c.i.embedder.EclipseLogger - Using 'UTF-8' encoding to copy filtered resources.
2019-08-28 11:30:47,411 [Worker-95] INFO  o.e.m.c.i.embedder.EclipseLogger - skip non existing resourceDirectory D:\hcljava\Day22\DeptInsert\src\test\resources
2019-08-28 11:33:52,890 [Worker-94] INFO  o.e.m.c.i.embedder.EclipseLogger - Using 'UTF-8' encoding to copy filtered resources.
2019-08-28 11:33:52,890 [Worker-94] INFO  o.e.m.c.i.embedder.EclipseLogger - skip non existing resourceDirectory D:\hcljava\Day22\DeptInsert\src\main\resources
2019-08-28 11:33:52,892 [Worker-94] INFO  o.e.m.c.i.embedder.EclipseLogger - Using 'UTF-8' encoding to copy filtered resources.
2019-08-28 11:33:52,892 [Worker-94] INFO  o.e.m.c.i.embedder.EclipseLogger - skip non existing resourceDirectory D:\hcljava\Day22\DeptInsert\src\test\resources
2019-08-28 11:34:46,489 [Worker-95] INFO  o.e.m.c.i.embedder.EclipseLogger - Using 'UTF-8' encoding to copy filtered resources.
2019-08-28 11:34:46,489 [Worker-95] INFO  o.e.m.c.i.embedder.EclipseLogger - skip non existing resourceDirectory D:\hcljava\Day22\DeptInsert\src\main\resources
2019-08-28 11:34:46,491 [Worker-95] INFO  o.e.m.c.i.embedder.EclipseLogger - Using 'UTF-8' encoding to copy filtered resources.
2019-08-28 11:34:46,491 [Worker-95] INFO  o.e.m.c.i.embedder.EclipseLogger - skip non existing resourceDirectory D:\hcljava\Day22\DeptInsert\src\test\resources
2019-08-28 11:36:49,980 [Worker-91] INFO  o.e.m.c.i.embedder.EclipseLogger - Using 'UTF-8' encoding to copy filtered resources.
2019-08-28 11:36:49,980 [Worker-91] INFO  o.e.m.c.i.embedder.EclipseLogger - skip non existing resourceDirectory D:\hcljava\Day22\DeptInsert\src\main\resources
2019-08-28 11:36:49,982 [Worker-91] INFO  o.e.m.c.i.embedder.EclipseLogger - Using 'UTF-8' encoding to copy filtered resources.
2019-08-28 11:36:49,982 [Worker-91] INFO  o.e.m.c.i.embedder.EclipseLogger - skip non existing resourceDirectory D:\hcljava\Day22\DeptInsert\src\test\resources
2019-08-28 11:40:55,741 [Worker-90] INFO  o.e.m.c.i.p.ProjectConfigurationManager - Collecting project info '/pom.xml' D:\hcljava\Day22\EmployShow\pom.xml
2019-08-28 11:40:55,894 [Worker-90] INFO  o.e.m.c.i.l.LifecycleMappingFactory - Using org.eclipse.m2e.jdt.JarLifecycleMapping lifecycle mapping for MavenProject: hcl:EmployShow:0.0.1-SNAPSHOT @ D:\hcljava\Day22\EmployShow\pom.xml.
2019-08-28 11:40:56,019 [Worker-90] INFO  o.e.m.j.i.AbstractJavaProjectConfigurator - Adding source folder /EmployShow/src/main/java
2019-08-28 11:40:56,023 [Worker-90] INFO  o.e.m.j.i.AbstractJavaProjectConfigurator - Adding source folder /EmployShow/src/test/java
2019-08-28 11:40:56,078 [Worker-90] INFO  o.e.m.c.i.p.ProjectConfigurationManager - Imported and configured 1 project(s) in 0 sec
2019-08-28 11:40:56,366 [Worker-98] INFO  o.e.m.c.i.embedder.EclipseLogger - Using 'UTF-8' encoding to copy filtered resources.
2019-08-28 11:40:56,366 [Worker-98] INFO  o.e.m.c.i.embedder.EclipseLogger - skip non existing resourceDirectory D:\hcljava\Day22\EmployShow\src\main\resources
2019-08-28 11:40:56,367 [Worker-98] INFO  o.e.m.c.i.embedder.EclipseLogger - Using 'UTF-8' encoding to copy filtered resources.
2019-08-28 11:40:56,367 [Worker-98] INFO  o.e.m.c.i.embedder.EclipseLogger - skip non existing resourceDirectory D:\hcljava\Day22\EmployShow\src\test\resources
2019-08-28 11:41:48,080 [Worker-98] INFO  o.e.m.c.i.embedder.EclipseLogger - Using 'UTF-8' encoding to copy filtered resources.
2019-08-28 11:41:48,080 [Worker-98] INFO  o.e.m.c.i.embedder.EclipseLogger - skip non existing resourceDirectory D:\hcljava\Day22\EmployShow\src\main\resources
2019-08-28 11:41:48,081 [Worker-98] INFO  o.e.m.c.i.embedder.EclipseLogger - Using 'UTF-8' encoding to copy filtered resources.
2019-08-28 11:41:48,081 [Worker-98] INFO  o.e.m.c.i.embedder.EclipseLogger - skip non existing resourceDirectory D:\hcljava\Day22\EmployShow\src\test\resources
2019-08-28 11:42:09,009 [Worker-92] INFO  o.e.m.c.i.l.LifecycleMappingFactory - Using org.eclipse.m2e.jdt.JarLifecycleMapping lifecycle mapping for MavenProject: hcl:EmployShow:0.0.1-SNAPSHOT @ D:\hcljava\Day22\EmployShow\pom.xml.
2019-08-28 11:42:09,219 [Worker-92] INFO  o.e.m.c.i.embedder.EclipseLogger - Using 'UTF-8' encoding to copy filtered resources.
2019-08-28 11:42:09,220 [Worker-92] INFO  o.e.m.c.i.embedder.EclipseLogger - skip non existing resourceDirectory D:\hcljava\Day22\EmployShow\src\main\resources
2019-08-28 11:42:09,220 [Worker-92] INFO  o.e.m.c.i.embedder.EclipseLogger - Using 'UTF-8' encoding to copy filtered resources.
2019-08-28 11:42:09,221 [Worker-92] INFO  o.e.m.c.i.embedder.EclipseLogger - skip non existing resourceDirectory D:\hcljava\Day22\EmployShow\src\test\resources
2019-08-28 11:42:10,416 [Worker-91] INFO  o.e.m.c.i.embedder.EclipseLogger - Using 'UTF-8' encoding to copy filtered resources.
2019-08-28 11:42:10,417 [Worker-91] INFO  o.e.m.c.i.embedder.EclipseLogger - skip non existing resourceDirectory D:\hcljava\Day22\EmployShow\src\main\resources
2019-08-28 11:42:10,418 [Worker-91] INFO  o.e.m.c.i.embedder.EclipseLogger - Using 'UTF-8' encoding to copy filtered resources.
2019-08-28 11:42:10,418 [Worker-91] INFO  o.e.m.c.i.embedder.EclipseLogger - skip non existing resourceDirectory D:\hcljava\Day22\EmployShow\src\test\resources
2019-08-28 11:42:32,522 [Worker-98] INFO  o.e.m.c.i.embedder.EclipseLogger - Using 'UTF-8' encoding to copy filtered resources.
2019-08-28 11:42:32,523 [Worker-98] INFO  o.e.m.c.i.embedder.EclipseLogger - skip non existing resourceDirectory D:\hcljava\Day22\EmployShow\src\main\resources
2019-08-28 11:42:32,526 [Worker-98] INFO  o.e.m.c.i.embedder.EclipseLogger - Using 'UTF-8' encoding to copy filtered resources.
2019-08-28 11:42:32,526 [Worker-98] INFO  o.e.m.c.i.embedder.EclipseLogger - skip non existing resourceDirectory D:\hcljava\Day22\EmployShow\src\test\resources
2019-08-28 11:44:26,428 [Worker-90] INFO  o.e.m.c.i.embedder.EclipseLogger - Using 'UTF-8' encoding to copy filtered resources.
2019-08-28 11:44:26,428 [Worker-90] INFO  o.e.m.c.i.embedder.EclipseLogger - skip non existing resourceDirectory D:\hcljava\Day22\EmployShow\src\main\resources
2019-08-28 11:44:26,429 [Worker-90] INFO  o.e.m.c.i.embedder.EclipseLogger - Using 'UTF-8' encoding to copy filtered resources.
2019-08-28 11:44:26,429 [Worker-90] INFO  o.e.m.c.i.embedder.EclipseLogger - skip non existing resourceDirectory D:\hcljava\Day22\EmployShow\src\test\resources
2019-08-28 11:56:44,602 [Worker-99] INFO  o.e.m.c.i.embedder.EclipseLogger - Using 'UTF-8' encoding to copy filtered resources.
2019-08-28 11:56:44,603 [Worker-99] INFO  o.e.m.c.i.embedder.EclipseLogger - skip non existing resourceDirectory D:\hcljava\Day22\EmployShow\src\main\resources
2019-08-28 11:56:44,604 [Worker-99] INFO  o.e.m.c.i.embedder.EclipseLogger - Using 'UTF-8' encoding to copy filtered resources.
2019-08-28 11:56:44,604 [Worker-99] INFO  o.e.m.c.i.embedder.EclipseLogger - skip non existing resourceDirectory D:\hcljava\Day22\EmployShow\src\test\resources
2019-08-28 11:57:25,389 [Worker-103] INFO  o.e.m.c.i.embedder.EclipseLogger - Using 'UTF-8' encoding to copy filtered resources.
2019-08-28 11:57:25,390 [Worker-103] INFO  o.e.m.c.i.embedder.EclipseLogger - skip non existing resourceDirectory D:\hcljava\Day22\EmployShow\src\main\resources
2019-08-28 11:57:25,391 [Worker-103] INFO  o.e.m.c.i.embedder.EclipseLogger - Using 'UTF-8' encoding to copy filtered resources.
2019-08-28 11:57:25,391 [Worker-103] INFO  o.e.m.c.i.embedder.EclipseLogger - skip non existing resourceDirectory D:\hcljava\Day22\EmployShow\src\test\resources
2019-08-28 11:57:56,548 [Worker-105] INFO  o.e.m.c.i.embedder.EclipseLogger - Using 'UTF-8' encoding to copy filtered resources.
2019-08-28 11:57:56,548 [Worker-105] INFO  o.e.m.c.i.embedder.EclipseLogger - skip non existing resourceDirectory D:\hcljava\Day22\EmployShow\src\main\resources
2019-08-28 11:57:56,549 [Worker-105] INFO  o.e.m.c.i.embedder.EclipseLogger - Using 'UTF-8' encoding to copy filtered resources.
2019-08-28 11:57:56,549 [Worker-105] INFO  o.e.m.c.i.embedder.EclipseLogger - skip non existing resourceDirectory D:\hcljava\Day22\EmployShow\src\test\resources
2019-08-28 11:58:51,240 [Worker-105] INFO  o.e.m.c.i.embedder.EclipseLogger - Using 'UTF-8' encoding to copy filtered resources.
2019-08-28 11:58:51,240 [Worker-105] INFO  o.e.m.c.i.embedder.EclipseLogger - skip non existing resourceDirectory D:\hcljava\Day22\EmployShow\src\main\resources
2019-08-28 11:58:51,242 [Worker-105] INFO  o.e.m.c.i.embedder.EclipseLogger - Using 'UTF-8' encoding to copy filtered resources.
2019-08-28 11:58:51,242 [Worker-105] INFO  o.e.m.c.i.embedder.EclipseLogger - skip non existing resourceDirectory D:\hcljava\Day22\EmployShow\src\test\resources
2019-08-28 11:59:21,892 [Worker-107] INFO  o.e.m.c.i.embedder.EclipseLogger - Using 'UTF-8' encoding to copy filtered resources.
2019-08-28 11:59:21,893 [Worker-107] INFO  o.e.m.c.i.embedder.EclipseLogger - skip non existing resourceDirectory D:\hcljava\Day22\EmployShow\src\main\resources
2019-08-28 11:59:21,894 [Worker-107] INFO  o.e.m.c.i.embedder.EclipseLogger - Using 'UTF-8' encoding to copy filtered resources.
2019-08-28 11:59:21,895 [Worker-107] INFO  o.e.m.c.i.embedder.EclipseLogger - skip non existing resourceDirectory D:\hcljava\Day22\EmployShow\src\test\resources
2019-08-28 12:00:58,411 [Worker-109] INFO  o.e.m.c.i.embedder.EclipseLogger - Using 'UTF-8' encoding to copy filtered resources.
2019-08-28 12:00:58,411 [Worker-109] INFO  o.e.m.c.i.embedder.EclipseLogger - skip non existing resourceDirectory D:\hcljava\Day22\EmployShow\src\main\resources
2019-08-28 12:00:58,412 [Worker-109] INFO  o.e.m.c.i.embedder.EclipseLogger - Using 'UTF-8' encoding to copy filtered resources.
2019-08-28 12:00:58,412 [Worker-109] INFO  o.e.m.c.i.embedder.EclipseLogger - skip non existing resourceDirectory D:\hcljava\Day22\EmployShow\src\test\resources
2019-08-28 12:03:51,739 [Worker-108] INFO  o.e.m.c.i.embedder.EclipseLogger - Using 'UTF-8' encoding to copy filtered resources.
2019-08-28 12:03:51,739 [Worker-108] INFO  o.e.m.c.i.embedder.EclipseLogger - skip non existing resourceDirectory D:\hcljava\Day22\EmployShow\src\main\resources
2019-08-28 12:03:51,740 [Worker-108] INFO  o.e.m.c.i.embedder.EclipseLogger - Using 'UTF-8' encoding to copy filtered resources.
2019-08-28 12:03:51,740 [Worker-108] INFO  o.e.m.c.i.embedder.EclipseLogger - skip non existing resourceDirectory D:\hcljava\Day22\EmployShow\src\test\resources
2019-08-28 12:03:57,854 [Worker-106] INFO  o.e.m.c.i.embedder.EclipseLogger - Using 'UTF-8' encoding to copy filtered resources.
2019-08-28 12:03:57,855 [Worker-106] INFO  o.e.m.c.i.embedder.EclipseLogger - skip non existing resourceDirectory D:\hcljava\Day22\EmployShow\src\main\resources
2019-08-28 12:03:57,856 [Worker-106] INFO  o.e.m.c.i.embedder.EclipseLogger - Using 'UTF-8' encoding to copy filtered resources.
2019-08-28 12:03:57,857 [Worker-106] INFO  o.e.m.c.i.embedder.EclipseLogger - skip non existing resourceDirectory D:\hcljava\Day22\EmployShow\src\test\resources
2019-08-28 12:04:37,729 [Worker-99] INFO  o.e.m.c.i.p.ProjectConfigurationManager - Collecting project info '/pom.xml' D:\hcljava\Day22\DeptShow\pom.xml
2019-08-28 12:04:37,884 [Worker-99] INFO  o.e.m.c.i.l.LifecycleMappingFactory - Using org.eclipse.m2e.jdt.JarLifecycleMapping lifecycle mapping for MavenProject: hcl:DeptShow:0.0.1-SNAPSHOT @ D:\hcljava\Day22\DeptShow\pom.xml.
2019-08-28 12:04:38,006 [Worker-99] INFO  o.e.m.j.i.AbstractJavaProjectConfigurator - Adding source folder /DeptShow/src/main/java
2019-08-28 12:04:38,009 [Worker-99] INFO  o.e.m.j.i.AbstractJavaProjectConfigurator - Adding source folder /DeptShow/src/test/java
2019-08-28 12:04:38,060 [Worker-99] INFO  o.e.m.c.i.p.ProjectConfigurationManager - Imported and configured 1 project(s) in 0 sec
2019-08-28 12:04:38,315 [Worker-109] INFO  o.e.m.c.i.embedder.EclipseLogger - Using 'UTF-8' encoding to copy filtered resources.
2019-08-28 12:04:38,315 [Worker-109] INFO  o.e.m.c.i.embedder.EclipseLogger - skip non existing resourceDirectory D:\hcljava\Day22\DeptShow\src\main\resources
2019-08-28 12:04:38,316 [Worker-109] INFO  o.e.m.c.i.embedder.EclipseLogger - Using 'UTF-8' encoding to copy filtered resources.
2019-08-28 12:04:38,316 [Worker-109] INFO  o.e.m.c.i.embedder.EclipseLogger - skip non existing resourceDirectory D:\hcljava\Day22\DeptShow\src\test\resources
2019-08-28 12:04:52,205 [Worker-103] INFO  o.e.m.c.i.embedder.EclipseLogger - Using 'UTF-8' encoding to copy filtered resources.
2019-08-28 12:04:52,205 [Worker-103] INFO  o.e.m.c.i.embedder.EclipseLogger - skip non existing resourceDirectory D:\hcljava\Day22\DeptShow\src\main\resources
2019-08-28 12:04:52,206 [Worker-103] INFO  o.e.m.c.i.embedder.EclipseLogger - Using 'UTF-8' encoding to copy filtered resources.
2019-08-28 12:04:52,206 [Worker-103] INFO  o.e.m.c.i.embedder.EclipseLogger - skip non existing resourceDirectory D:\hcljava\Day22\DeptShow\src\test\resources
2019-08-28 12:05:09,482 [Worker-106] INFO  o.e.m.c.i.l.LifecycleMappingFactory - Using org.eclipse.m2e.jdt.JarLifecycleMapping lifecycle mapping for MavenProject: hcl:DeptShow:0.0.1-SNAPSHOT @ D:\hcljava\Day22\DeptShow\pom.xml.
2019-08-28 12:05:09,654 [Worker-106] INFO  o.e.m.c.i.embedder.EclipseLogger - Using 'UTF-8' encoding to copy filtered resources.
2019-08-28 12:05:09,654 [Worker-106] INFO  o.e.m.c.i.embedder.EclipseLogger - skip non existing resourceDirectory D:\hcljava\Day22\DeptShow\src\main\resources
2019-08-28 12:05:09,655 [Worker-106] INFO  o.e.m.c.i.embedder.EclipseLogger - Using 'UTF-8' encoding to copy filtered resources.
2019-08-28 12:05:09,655 [Worker-106] INFO  o.e.m.c.i.embedder.EclipseLogger - skip non existing resourceDirectory D:\hcljava\Day22\DeptShow\src\test\resources
2019-08-28 12:05:09,686 [Worker-106] INFO  o.e.m.c.i.embedder.EclipseLogger - Using 'UTF-8' encoding to copy filtered resources.
2019-08-28 12:05:09,687 [Worker-106] INFO  o.e.m.c.i.embedder.EclipseLogger - skip non existing resourceDirectory D:\hcljava\Day22\EmployShow\src\main\resources
2019-08-28 12:05:09,688 [Worker-106] INFO  o.e.m.c.i.embedder.EclipseLogger - Using 'UTF-8' encoding to copy filtered resources.
2019-08-28 12:05:09,688 [Worker-106] INFO  o.e.m.c.i.embedder.EclipseLogger - skip non existing resourceDirectory D:\hcljava\Day22\EmployShow\src\test\resources
2019-08-28 12:05:10,880 [Worker-99] INFO  o.e.m.c.i.embedder.EclipseLogger - Using 'UTF-8' encoding to copy filtered resources.
2019-08-28 12:05:10,880 [Worker-99] INFO  o.e.m.c.i.embedder.EclipseLogger - skip non existing resourceDirectory D:\hcljava\Day22\DeptShow\src\main\resources
2019-08-28 12:05:10,881 [Worker-99] INFO  o.e.m.c.i.embedder.EclipseLogger - Using 'UTF-8' encoding to copy filtered resources.
2019-08-28 12:05:10,881 [Worker-99] INFO  o.e.m.c.i.embedder.EclipseLogger - skip non existing resourceDirectory D:\hcljava\Day22\DeptShow\src\test\resources
2019-08-28 12:05:26,357 [Worker-106] INFO  o.e.m.c.i.embedder.EclipseLogger - Using 'UTF-8' encoding to copy filtered resources.
2019-08-28 12:05:26,358 [Worker-106] INFO  o.e.m.c.i.embedder.EclipseLogger - skip non existing resourceDirectory D:\hcljava\Day22\DeptShow\src\main\resources
2019-08-28 12:05:26,366 [Worker-106] INFO  o.e.m.c.i.embedder.EclipseLogger - Using 'UTF-8' encoding to copy filtered resources.
2019-08-28 12:05:26,367 [Worker-106] INFO  o.e.m.c.i.embedder.EclipseLogger - skip non existing resourceDirectory D:\hcljava\Day22\DeptShow\src\test\resources
2019-08-28 12:08:45,235 [Worker-105] INFO  o.e.m.c.i.embedder.EclipseLogger - Using 'UTF-8' encoding to copy filtered resources.
2019-08-28 12:08:45,235 [Worker-105] INFO  o.e.m.c.i.embedder.EclipseLogger - skip non existing resourceDirectory D:\hcljava\Day22\DeptShow\src\main\resources
2019-08-28 12:08:45,236 [Worker-105] INFO  o.e.m.c.i.embedder.EclipseLogger - Using 'UTF-8' encoding to copy filtered resources.
2019-08-28 12:08:45,236 [Worker-105] INFO  o.e.m.c.i.embedder.EclipseLogger - skip non existing resourceDirectory D:\hcljava\Day22\DeptShow\src\test\resources
2019-08-28 12:09:26,211 [Worker-110] INFO  o.e.m.c.i.embedder.EclipseLogger - Using 'UTF-8' encoding to copy filtered resources.
2019-08-28 12:09:26,211 [Worker-110] INFO  o.e.m.c.i.embedder.EclipseLogger - skip non existing resourceDirectory D:\hcljava\Day22\DeptShow\src\main\resources
2019-08-28 12:09:26,212 [Worker-110] INFO  o.e.m.c.i.embedder.EclipseLogger - Using 'UTF-8' encoding to copy filtered resources.
2019-08-28 12:09:26,212 [Worker-110] INFO  o.e.m.c.i.embedder.EclipseLogger - skip non existing resourceDirectory D:\hcljava\Day22\DeptShow\src\test\resources
2019-08-28 12:09:43,841 [Worker-103] INFO  o.e.m.c.i.embedder.EclipseLogger - Using 'UTF-8' encoding to copy filtered resources.
2019-08-28 12:09:43,841 [Worker-103] INFO  o.e.m.c.i.embedder.EclipseLogger - skip non existing resourceDirectory D:\hcljava\Day22\DeptShow\src\main\resources
2019-08-28 12:09:43,842 [Worker-103] INFO  o.e.m.c.i.embedder.EclipseLogger - Using 'UTF-8' encoding to copy filtered resources.
2019-08-28 12:09:43,842 [Worker-103] INFO  o.e.m.c.i.embedder.EclipseLogger - skip non existing resourceDirectory D:\hcljava\Day22\DeptShow\src\test\resources
2019-08-28 12:10:42,395 [Worker-112] INFO  o.e.m.c.i.embedder.EclipseLogger - Using 'UTF-8' encoding to copy filtered resources.
2019-08-28 12:10:42,395 [Worker-112] INFO  o.e.m.c.i.embedder.EclipseLogger - skip non existing resourceDirectory D:\hcljava\Day22\DeptShow\src\main\resources
2019-08-28 12:10:42,396 [Worker-112] INFO  o.e.m.c.i.embedder.EclipseLogger - Using 'UTF-8' encoding to copy filtered resources.
2019-08-28 12:10:42,397 [Worker-112] INFO  o.e.m.c.i.embedder.EclipseLogger - skip non existing resourceDirectory D:\hcljava\Day22\DeptShow\src\test\resources
2019-08-28 12:11:10,076 [Worker-110] INFO  o.e.m.c.i.embedder.EclipseLogger - Using 'UTF-8' encoding to copy filtered resources.
2019-08-28 12:11:10,076 [Worker-110] INFO  o.e.m.c.i.embedder.EclipseLogger - skip non existing resourceDirectory D:\hcljava\Day22\DeptShow\src\main\resources
2019-08-28 12:11:10,077 [Worker-110] INFO  o.e.m.c.i.embedder.EclipseLogger - Using 'UTF-8' encoding to copy filtered resources.
2019-08-28 12:11:10,078 [Worker-110] INFO  o.e.m.c.i.embedder.EclipseLogger - skip non existing resourceDirectory D:\hcljava\Day22\DeptShow\src\test\resources
2019-08-28 12:11:47,577 [Worker-99] INFO  o.e.m.c.i.embedder.EclipseLogger - Using 'UTF-8' encoding to copy filtered resources.
2019-08-28 12:11:47,577 [Worker-99] INFO  o.e.m.c.i.embedder.EclipseLogger - skip non existing resourceDirectory D:\hcljava\Day22\DeptShow\src\main\resources
2019-08-28 12:11:47,578 [Worker-99] INFO  o.e.m.c.i.embedder.EclipseLogger - Using 'UTF-8' encoding to copy filtered resources.
2019-08-28 12:11:47,578 [Worker-99] INFO  o.e.m.c.i.embedder.EclipseLogger - skip non existing resourceDirectory D:\hcljava\Day22\DeptShow\src\test\resources
2019-08-28 12:22:41,432 [Worker-120] INFO  o.e.m.c.i.embedder.EclipseLogger - Using 'UTF-8' encoding to copy filtered resources.
2019-08-28 12:22:41,432 [Worker-120] INFO  o.e.m.c.i.embedder.EclipseLogger - skip non existing resourceDirectory D:\hcljava\Day22\EmployShow\src\main\resources
2019-08-28 12:22:41,433 [Worker-120] INFO  o.e.m.c.i.embedder.EclipseLogger - Using 'UTF-8' encoding to copy filtered resources.
2019-08-28 12:22:41,433 [Worker-120] INFO  o.e.m.c.i.embedder.EclipseLogger - skip non existing resourceDirectory D:\hcljava\Day22\EmployShow\src\test\resources
2019-08-28 12:24:48,120 [Worker-116] INFO  o.e.m.c.i.embedder.EclipseLogger - Using 'UTF-8' encoding to copy filtered resources.
2019-08-28 12:24:48,120 [Worker-116] INFO  o.e.m.c.i.embedder.EclipseLogger - skip non existing resourceDirectory D:\hcljava\Day22\EmployShow\src\main\resources
2019-08-28 12:24:48,121 [Worker-116] INFO  o.e.m.c.i.embedder.EclipseLogger - Using 'UTF-8' encoding to copy filtered resources.
2019-08-28 12:24:48,121 [Worker-116] INFO  o.e.m.c.i.embedder.EclipseLogger - skip non existing resourceDirectory D:\hcljava\Day22\EmployShow\src\test\resources
2019-08-28 12:25:32,842 [Worker-122] INFO  o.e.m.c.i.embedder.EclipseLogger - Using 'UTF-8' encoding to copy filtered resources.
2019-08-28 12:25:32,842 [Worker-122] INFO  o.e.m.c.i.embedder.EclipseLogger - skip non existing resourceDirectory D:\hcljava\Day22\EmployShow\src\main\resources
2019-08-28 12:25:32,843 [Worker-122] INFO  o.e.m.c.i.embedder.EclipseLogger - Using 'UTF-8' encoding to copy filtered resources.
2019-08-28 12:25:32,843 [Worker-122] INFO  o.e.m.c.i.embedder.EclipseLogger - skip non existing resourceDirectory D:\hcljava\Day22\EmployShow\src\test\resources
2019-08-28 12:25:38,785 [Worker-120] INFO  o.e.m.c.i.embedder.EclipseLogger - Using 'UTF-8' encoding to copy filtered resources.
2019-08-28 12:25:38,785 [Worker-120] INFO  o.e.m.c.i.embedder.EclipseLogger - skip non existing resourceDirectory D:\hcljava\Day22\EmployShow\src\main\resources
2019-08-28 12:25:38,786 [Worker-120] INFO  o.e.m.c.i.embedder.EclipseLogger - Using 'UTF-8' encoding to copy filtered resources.
2019-08-28 12:25:38,787 [Worker-120] INFO  o.e.m.c.i.embedder.EclipseLogger - skip non existing resourceDirectory D:\hcljava\Day22\EmployShow\src\test\resources
2019-08-28 12:28:02,979 [Worker-123] INFO  o.e.m.c.i.embedder.EclipseLogger - Using 'UTF-8' encoding to copy filtered resources.
2019-08-28 12:28:02,979 [Worker-123] INFO  o.e.m.c.i.embedder.EclipseLogger - skip non existing resourceDirectory D:\hcljava\Day22\DeptShow\src\main\resources
2019-08-28 12:28:02,980 [Worker-123] INFO  o.e.m.c.i.embedder.EclipseLogger - Using 'UTF-8' encoding to copy filtered resources.
2019-08-28 12:28:02,980 [Worker-123] INFO  o.e.m.c.i.embedder.EclipseLogger - skip non existing resourceDirectory D:\hcljava\Day22\DeptShow\src\test\resources
2019-08-28 12:28:24,349 [Worker-116] INFO  o.e.m.c.i.embedder.EclipseLogger - Using 'UTF-8' encoding to copy filtered resources.
2019-08-28 12:28:24,349 [Worker-116] INFO  o.e.m.c.i.embedder.EclipseLogger - skip non existing resourceDirectory D:\hcljava\Day22\DeptShow\src\main\resources
2019-08-28 12:28:24,355 [Worker-116] INFO  o.e.m.c.i.embedder.EclipseLogger - Using 'UTF-8' encoding to copy filtered resources.
2019-08-28 12:28:24,356 [Worker-116] INFO  o.e.m.c.i.embedder.EclipseLogger - skip non existing resourceDirectory D:\hcljava\Day22\DeptShow\src\test\resources
2019-08-28 12:29:37,223 [Worker-120] INFO  o.e.m.c.i.embedder.EclipseLogger - Using 'UTF-8' encoding to copy filtered resources.
2019-08-28 12:29:37,224 [Worker-120] INFO  o.e.m.c.i.embedder.EclipseLogger - skip non existing resourceDirectory D:\hcljava\Day22\DeptShow\src\main\resources
2019-08-28 12:29:37,225 [Worker-120] INFO  o.e.m.c.i.embedder.EclipseLogger - Using 'UTF-8' encoding to copy filtered resources.
2019-08-28 12:29:37,226 [Worker-120] INFO  o.e.m.c.i.embedder.EclipseLogger - skip non existing resourceDirectory D:\hcljava\Day22\DeptShow\src\test\resources
2019-08-28 12:41:20,426 [Worker-129] INFO  o.e.m.c.i.embedder.EclipseLogger - Using 'UTF-8' encoding to copy filtered resources.
2019-08-28 12:41:20,427 [Worker-129] INFO  o.e.m.c.i.embedder.EclipseLogger - skip non existing resourceDirectory D:\hcljava\Day22\DeptShow\src\main\resources
2019-08-28 12:41:20,428 [Worker-129] INFO  o.e.m.c.i.embedder.EclipseLogger - Using 'UTF-8' encoding to copy filtered resources.
2019-08-28 12:41:20,428 [Worker-129] INFO  o.e.m.c.i.embedder.EclipseLogger - skip non existing resourceDirectory D:\hcljava\Day22\DeptShow\src\test\resources
